<?xml version="1.0" encoding="UTF-8"?>
<testsuite xmlns:xsi="http://www.w3.org/2001/XMLSchema-instance" xsi:noNamespaceSchemaLocation="https://maven.apache.org/surefire/maven-surefire-plugin/xsd/surefire-test-report.xsd" name="TestSuite" time="85.6" tests="2" errors="0" skipped="0" failures="1">
  <properties>
    <property name="gopherProxySet" value="false"/>
    <property name="awt.toolkit" value="sun.lwawt.macosx.LWCToolkit"/>
    <property name="file.encoding.pkg" value="sun.io"/>
    <property name="java.specification.version" value="1.8"/>
    <property name="sun.cpu.isalist" value=""/>
    <property name="sun.jnu.encoding" value="UTF-8"/>
    <property name="java.class.path" value="/Users/mac/Documents/imoocautotest/target/test-classes:/Users/mac/Documents/imoocautotest/target/classes:/Users/mac/maven/maven-repo/org/seleniumhq/selenium/selenium-java/3.1.0/selenium-java-3.1.0.jar:/Users/mac/maven/maven-repo/org/seleniumhq/selenium/selenium-chrome-driver/3.1.0/selenium-chrome-driver-3.1.0.jar:/Users/mac/maven/maven-repo/org/seleniumhq/selenium/selenium-remote-driver/3.1.0/selenium-remote-driver-3.1.0.jar:/Users/mac/maven/maven-repo/org/seleniumhq/selenium/selenium-api/3.1.0/selenium-api-3.1.0.jar:/Users/mac/maven/maven-repo/cglib/cglib-nodep/3.2.4/cglib-nodep-3.2.4.jar:/Users/mac/maven/maven-repo/org/apache/commons/commons-exec/1.3/commons-exec-1.3.jar:/Users/mac/maven/maven-repo/com/google/code/gson/gson/2.3.1/gson-2.3.1.jar:/Users/mac/maven/maven-repo/net/java/dev/jna/jna-platform/4.1.0/jna-platform-4.1.0.jar:/Users/mac/maven/maven-repo/net/java/dev/jna/jna/4.1.0/jna-4.1.0.jar:/Users/mac/maven/maven-repo/org/seleniumhq/selenium/selenium-edge-driver/3.1.0/selenium-edge-driver-3.1.0.jar:/Users/mac/maven/maven-repo/org/seleniumhq/selenium/selenium-firefox-driver/3.1.0/selenium-firefox-driver-3.1.0.jar:/Users/mac/maven/maven-repo/org/seleniumhq/selenium/selenium-ie-driver/3.1.0/selenium-ie-driver-3.1.0.jar:/Users/mac/maven/maven-repo/org/seleniumhq/selenium/selenium-opera-driver/3.1.0/selenium-opera-driver-3.1.0.jar:/Users/mac/maven/maven-repo/org/seleniumhq/selenium/selenium-safari-driver/3.1.0/selenium-safari-driver-3.1.0.jar:/Users/mac/maven/maven-repo/org/seleniumhq/selenium/selenium-support/3.1.0/selenium-support-3.1.0.jar:/Users/mac/maven/maven-repo/junit/junit/4.12/junit-4.12.jar:/Users/mac/maven/maven-repo/org/hamcrest/hamcrest-core/1.3/hamcrest-core-1.3.jar:/Users/mac/maven/maven-repo/net/sourceforge/htmlunit/htmlunit/2.23/htmlunit-2.23.jar:/Users/mac/maven/maven-repo/xalan/xalan/2.7.2/xalan-2.7.2.jar:/Users/mac/maven/maven-repo/xalan/serializer/2.7.2/serializer-2.7.2.jar:/Users/mac/maven/maven-repo/org/apache/commons/commons-lang3/3.4/commons-lang3-3.4.jar:/Users/mac/maven/maven-repo/commons-codec/commons-codec/1.10/commons-codec-1.10.jar:/Users/mac/maven/maven-repo/net/sourceforge/htmlunit/htmlunit-core-js/2.23/htmlunit-core-js-2.23.jar:/Users/mac/maven/maven-repo/net/sourceforge/htmlunit/neko-htmlunit/2.23/neko-htmlunit-2.23.jar:/Users/mac/maven/maven-repo/xerces/xercesImpl/2.11.0/xercesImpl-2.11.0.jar:/Users/mac/maven/maven-repo/xml-apis/xml-apis/1.4.01/xml-apis-1.4.01.jar:/Users/mac/maven/maven-repo/net/sourceforge/cssparser/cssparser/0.9.20/cssparser-0.9.20.jar:/Users/mac/maven/maven-repo/org/w3c/css/sac/1.3/sac-1.3.jar:/Users/mac/maven/maven-repo/commons-io/commons-io/2.5/commons-io-2.5.jar:/Users/mac/maven/maven-repo/commons-logging/commons-logging/1.2/commons-logging-1.2.jar:/Users/mac/maven/maven-repo/com/codeborne/phantomjsdriver/1.3.0/phantomjsdriver-1.3.0.jar:/Users/mac/maven/maven-repo/org/eclipse/jetty/websocket/websocket-client/9.2.15.v20160210/websocket-client-9.2.15.v20160210.jar:/Users/mac/maven/maven-repo/org/eclipse/jetty/jetty-util/9.2.15.v20160210/jetty-util-9.2.15.v20160210.jar:/Users/mac/maven/maven-repo/org/eclipse/jetty/jetty-io/9.2.15.v20160210/jetty-io-9.2.15.v20160210.jar:/Users/mac/maven/maven-repo/org/eclipse/jetty/websocket/websocket-common/9.2.15.v20160210/websocket-common-9.2.15.v20160210.jar:/Users/mac/maven/maven-repo/org/eclipse/jetty/websocket/websocket-api/9.2.15.v20160210/websocket-api-9.2.15.v20160210.jar:/Users/mac/maven/maven-repo/org/testng/testng/6.9.10/testng-6.9.10.jar:/Users/mac/maven/maven-repo/com/beust/jcommander/1.48/jcommander-1.48.jar:/Users/mac/maven/maven-repo/org/beanshell/bsh/2.0b4/bsh-2.0b4.jar:/Users/mac/maven/maven-repo/log4j/log4j/1.2.16/log4j-1.2.16.jar:/Users/mac/maven/maven-repo/com/relevantcodes/extentreports/2.41.1/extentreports-2.41.1.jar:/Users/mac/maven/maven-repo/org/jsoup/jsoup/1.8.3/jsoup-1.8.3.jar:/Users/mac/maven/maven-repo/org/xerial/sqlite-jdbc/3.8.11.1/sqlite-jdbc-3.8.11.1.jar:/Users/mac/maven/maven-repo/org/freemarker/freemarker/2.3.23/freemarker-2.3.23.jar:/Users/mac/maven/maven-repo/org/mongodb/mongodb-driver/3.0.4/mongodb-driver-3.0.4.jar:/Users/mac/maven/maven-repo/org/mongodb/bson/3.0.4/bson-3.0.4.jar:/Users/mac/maven/maven-repo/org/mongodb/mongodb-driver-core/3.0.4/mongodb-driver-core-3.0.4.jar:/Users/mac/maven/maven-repo/com/vimalselvam/testng-extentsreport/1.3.1/testng-extentsreport-1.3.1.jar:/Users/mac/maven/maven-repo/com/google/guava/guava/20.0/guava-20.0.jar:/Users/mac/maven/maven-repo/com/aventstack/extentreports/3.0.6/extentreports-3.0.6.jar:/Users/mac/maven/maven-repo/org/apache/httpcomponents/httpclient/4.5.2/httpclient-4.5.2.jar:/Users/mac/maven/maven-repo/org/apache/httpcomponents/httpcore/4.4.4/httpcore-4.4.4.jar:/Users/mac/maven/maven-repo/org/apache/httpcomponents/httpmime/4.5.2/httpmime-4.5.2.jar:"/>
    <property name="java.vm.vendor" value="Oracle Corporation"/>
    <property name="sun.arch.data.model" value="64"/>
    <property name="java.vendor.url" value="http://java.oracle.com/"/>
    <property name="user.timezone" value=""/>
    <property name="java.vm.specification.version" value="1.8"/>
    <property name="os.name" value="Mac OS X"/>
    <property name="user.country" value="CN"/>
    <property name="sun.java.launcher" value="SUN_STANDARD"/>
    <property name="sun.boot.library.path" value="/Library/Java/JavaVirtualMachines/jdk1.8.0_192.jdk/Contents/Home/jre/lib"/>
    <property name="sun.java.command" value="/Users/mac/Documents/imoocautotest/target/surefire/surefirebooter6321916736773105683.jar /Users/mac/Documents/imoocautotest/target/surefire 2019-03-30T17-01-22_953-jvmRun1 surefire417170694708228838tmp surefire_05821656733682126510tmp"/>
    <property name="surefire.test.class.path" value="/Users/mac/Documents/imoocautotest/target/test-classes:/Users/mac/Documents/imoocautotest/target/classes:/Users/mac/maven/maven-repo/org/seleniumhq/selenium/selenium-java/3.1.0/selenium-java-3.1.0.jar:/Users/mac/maven/maven-repo/org/seleniumhq/selenium/selenium-chrome-driver/3.1.0/selenium-chrome-driver-3.1.0.jar:/Users/mac/maven/maven-repo/org/seleniumhq/selenium/selenium-remote-driver/3.1.0/selenium-remote-driver-3.1.0.jar:/Users/mac/maven/maven-repo/org/seleniumhq/selenium/selenium-api/3.1.0/selenium-api-3.1.0.jar:/Users/mac/maven/maven-repo/cglib/cglib-nodep/3.2.4/cglib-nodep-3.2.4.jar:/Users/mac/maven/maven-repo/org/apache/commons/commons-exec/1.3/commons-exec-1.3.jar:/Users/mac/maven/maven-repo/com/google/code/gson/gson/2.3.1/gson-2.3.1.jar:/Users/mac/maven/maven-repo/net/java/dev/jna/jna-platform/4.1.0/jna-platform-4.1.0.jar:/Users/mac/maven/maven-repo/net/java/dev/jna/jna/4.1.0/jna-4.1.0.jar:/Users/mac/maven/maven-repo/org/seleniumhq/selenium/selenium-edge-driver/3.1.0/selenium-edge-driver-3.1.0.jar:/Users/mac/maven/maven-repo/org/seleniumhq/selenium/selenium-firefox-driver/3.1.0/selenium-firefox-driver-3.1.0.jar:/Users/mac/maven/maven-repo/org/seleniumhq/selenium/selenium-ie-driver/3.1.0/selenium-ie-driver-3.1.0.jar:/Users/mac/maven/maven-repo/org/seleniumhq/selenium/selenium-opera-driver/3.1.0/selenium-opera-driver-3.1.0.jar:/Users/mac/maven/maven-repo/org/seleniumhq/selenium/selenium-safari-driver/3.1.0/selenium-safari-driver-3.1.0.jar:/Users/mac/maven/maven-repo/org/seleniumhq/selenium/selenium-support/3.1.0/selenium-support-3.1.0.jar:/Users/mac/maven/maven-repo/junit/junit/4.12/junit-4.12.jar:/Users/mac/maven/maven-repo/org/hamcrest/hamcrest-core/1.3/hamcrest-core-1.3.jar:/Users/mac/maven/maven-repo/net/sourceforge/htmlunit/htmlunit/2.23/htmlunit-2.23.jar:/Users/mac/maven/maven-repo/xalan/xalan/2.7.2/xalan-2.7.2.jar:/Users/mac/maven/maven-repo/xalan/serializer/2.7.2/serializer-2.7.2.jar:/Users/mac/maven/maven-repo/org/apache/commons/commons-lang3/3.4/commons-lang3-3.4.jar:/Users/mac/maven/maven-repo/commons-codec/commons-codec/1.10/commons-codec-1.10.jar:/Users/mac/maven/maven-repo/net/sourceforge/htmlunit/htmlunit-core-js/2.23/htmlunit-core-js-2.23.jar:/Users/mac/maven/maven-repo/net/sourceforge/htmlunit/neko-htmlunit/2.23/neko-htmlunit-2.23.jar:/Users/mac/maven/maven-repo/xerces/xercesImpl/2.11.0/xercesImpl-2.11.0.jar:/Users/mac/maven/maven-repo/xml-apis/xml-apis/1.4.01/xml-apis-1.4.01.jar:/Users/mac/maven/maven-repo/net/sourceforge/cssparser/cssparser/0.9.20/cssparser-0.9.20.jar:/Users/mac/maven/maven-repo/org/w3c/css/sac/1.3/sac-1.3.jar:/Users/mac/maven/maven-repo/commons-io/commons-io/2.5/commons-io-2.5.jar:/Users/mac/maven/maven-repo/commons-logging/commons-logging/1.2/commons-logging-1.2.jar:/Users/mac/maven/maven-repo/com/codeborne/phantomjsdriver/1.3.0/phantomjsdriver-1.3.0.jar:/Users/mac/maven/maven-repo/org/eclipse/jetty/websocket/websocket-client/9.2.15.v20160210/websocket-client-9.2.15.v20160210.jar:/Users/mac/maven/maven-repo/org/eclipse/jetty/jetty-util/9.2.15.v20160210/jetty-util-9.2.15.v20160210.jar:/Users/mac/maven/maven-repo/org/eclipse/jetty/jetty-io/9.2.15.v20160210/jetty-io-9.2.15.v20160210.jar:/Users/mac/maven/maven-repo/org/eclipse/jetty/websocket/websocket-common/9.2.15.v20160210/websocket-common-9.2.15.v20160210.jar:/Users/mac/maven/maven-repo/org/eclipse/jetty/websocket/websocket-api/9.2.15.v20160210/websocket-api-9.2.15.v20160210.jar:/Users/mac/maven/maven-repo/org/testng/testng/6.9.10/testng-6.9.10.jar:/Users/mac/maven/maven-repo/com/beust/jcommander/1.48/jcommander-1.48.jar:/Users/mac/maven/maven-repo/org/beanshell/bsh/2.0b4/bsh-2.0b4.jar:/Users/mac/maven/maven-repo/log4j/log4j/1.2.16/log4j-1.2.16.jar:/Users/mac/maven/maven-repo/com/relevantcodes/extentreports/2.41.1/extentreports-2.41.1.jar:/Users/mac/maven/maven-repo/org/jsoup/jsoup/1.8.3/jsoup-1.8.3.jar:/Users/mac/maven/maven-repo/org/xerial/sqlite-jdbc/3.8.11.1/sqlite-jdbc-3.8.11.1.jar:/Users/mac/maven/maven-repo/org/freemarker/freemarker/2.3.23/freemarker-2.3.23.jar:/Users/mac/maven/maven-repo/org/mongodb/mongodb-driver/3.0.4/mongodb-driver-3.0.4.jar:/Users/mac/maven/maven-repo/org/mongodb/bson/3.0.4/bson-3.0.4.jar:/Users/mac/maven/maven-repo/org/mongodb/mongodb-driver-core/3.0.4/mongodb-driver-core-3.0.4.jar:/Users/mac/maven/maven-repo/com/vimalselvam/testng-extentsreport/1.3.1/testng-extentsreport-1.3.1.jar:/Users/mac/maven/maven-repo/com/google/guava/guava/20.0/guava-20.0.jar:/Users/mac/maven/maven-repo/com/aventstack/extentreports/3.0.6/extentreports-3.0.6.jar:/Users/mac/maven/maven-repo/org/apache/httpcomponents/httpclient/4.5.2/httpclient-4.5.2.jar:/Users/mac/maven/maven-repo/org/apache/httpcomponents/httpcore/4.4.4/httpcore-4.4.4.jar:/Users/mac/maven/maven-repo/org/apache/httpcomponents/httpmime/4.5.2/httpmime-4.5.2.jar:"/>
    <property name="sun.cpu.endian" value="little"/>
    <property name="user.home" value="/Users/mac"/>
    <property name="user.language" value="zh"/>
    <property name="java.specification.vendor" value="Oracle Corporation"/>
    <property name="java.home" value="/Library/Java/JavaVirtualMachines/jdk1.8.0_192.jdk/Contents/Home/jre"/>
    <property name="basedir" value="/Users/mac/Documents/imoocautotest"/>
    <property name="file.separator" value="/"/>
    <property name="line.separator" value="&#10;"/>
    <property name="java.vm.specification.vendor" value="Oracle Corporation"/>
    <property name="java.specification.name" value="Java Platform API Specification"/>
    <property name="java.awt.graphicsenv" value="sun.awt.CGraphicsEnvironment"/>
    <property name="surefire.real.class.path" value="/Users/mac/Documents/imoocautotest/target/surefire/surefirebooter6321916736773105683.jar"/>
    <property name="sun.boot.class.path" value="/Library/Java/JavaVirtualMachines/jdk1.8.0_192.jdk/Contents/Home/jre/lib/resources.jar:/Library/Java/JavaVirtualMachines/jdk1.8.0_192.jdk/Contents/Home/jre/lib/rt.jar:/Library/Java/JavaVirtualMachines/jdk1.8.0_192.jdk/Contents/Home/jre/lib/sunrsasign.jar:/Library/Java/JavaVirtualMachines/jdk1.8.0_192.jdk/Contents/Home/jre/lib/jsse.jar:/Library/Java/JavaVirtualMachines/jdk1.8.0_192.jdk/Contents/Home/jre/lib/jce.jar:/Library/Java/JavaVirtualMachines/jdk1.8.0_192.jdk/Contents/Home/jre/lib/charsets.jar:/Library/Java/JavaVirtualMachines/jdk1.8.0_192.jdk/Contents/Home/jre/lib/jfr.jar:/Library/Java/JavaVirtualMachines/jdk1.8.0_192.jdk/Contents/Home/jre/classes"/>
    <property name="sun.management.compiler" value="HotSpot 64-Bit Tiered Compilers"/>
    <property name="java.runtime.version" value="1.8.0_192-b12"/>
    <property name="user.name" value="mac"/>
    <property name="path.separator" value=":"/>
    <property name="os.version" value="10.14.1"/>
    <property name="java.endorsed.dirs" value="/Library/Java/JavaVirtualMachines/jdk1.8.0_192.jdk/Contents/Home/jre/lib/endorsed"/>
    <property name="java.runtime.name" value="Java(TM) SE Runtime Environment"/>
    <property name="file.encoding" value="UTF-8"/>
    <property name="java.vm.name" value="Java HotSpot(TM) 64-Bit Server VM"/>
    <property name="localRepository" value="/Users/mac/maven/maven-repo"/>
    <property name="java.vendor.url.bug" value="http://bugreport.sun.com/bugreport/"/>
    <property name="java.io.tmpdir" value="/var/folders/lm/0d_423yd5b1b8lln1f8pv5n80000gn/T/"/>
    <property name="java.version" value="1.8.0_192"/>
    <property name="user.dir" value="/Users/mac/Documents/imoocautotest"/>
    <property name="os.arch" value="x86_64"/>
    <property name="java.vm.specification.name" value="Java Virtual Machine Specification"/>
    <property name="java.awt.printerjob" value="sun.lwawt.macosx.CPrinterJob"/>
    <property name="sun.os.patch.level" value="unknown"/>
    <property name="java.library.path" value="/Users/mac/Library/Java/Extensions:/Library/Java/Extensions:/Network/Library/Java/Extensions:/System/Library/Java/Extensions:/usr/lib/java:."/>
    <property name="java.vm.info" value="mixed mode"/>
    <property name="java.vendor" value="Oracle Corporation"/>
    <property name="java.vm.version" value="25.192-b12"/>
    <property name="java.ext.dirs" value="/Users/mac/Library/Java/Extensions:/Library/Java/JavaVirtualMachines/jdk1.8.0_192.jdk/Contents/Home/jre/lib/ext:/Library/Java/Extensions:/Network/Library/Java/Extensions:/System/Library/Java/Extensions:/usr/lib/java"/>
    <property name="sun.io.unicode.encoding" value="UnicodeBig"/>
    <property name="java.class.version" value="52.0"/>
  </properties>
  <testcase name="testLogin" classname="com.imooc.testcase.LoginCase" time="0.018">
    <failure message="expected [2] but found [1]" type="java.lang.AssertionError">java.lang.AssertionError: expected [2] but found [1]
	at com.imooc.testcase.LoginCase.testLogin(LoginCase.java:18)
</failure>
    <system-out><![CDATA[当前操作系统是:[Mac OS X]
当前操作系统是mac
]]></system-out>
    <system-err><![CDATA[Starting ChromeDriver 72.0.3626.7 (efcef9a3ecda02b2132af215116a03852d08b9cb) on port 26769
Only local connections are allowed.
log4j:WARN No appenders could be found for logger (org.apache.http.client.protocol.RequestAddCookies).
log4j:WARN Please initialize the log4j system properly.
log4j:WARN See http://logging.apache.org/log4j/1.2/faq.html#noconfig for more info.
三月 30, 2019 5:01:28 下午 org.openqa.selenium.remote.ProtocolHandshake createSession
信息: Detected dialect: OSS
]]></system-err>
  </testcase>
  <testcase name="testPost1" classname="com.imooc.testcase.LoginCase" time="0"/>
</testsuite>